{"/home/dasmat/timepass/recruit-me/server/middleware/rateLimiter.js": {"path":"/home/dasmat/timepass/recruit-me/server/middleware/rateLimiter.js","statementMap":{"0":{"start":{"line":1,"column":18},"end":{"line":1,"column":47}},"1":{"start":{"line":7,"column":20},"end":{"line":15,"column":2}},"2":{"start":{"line":20,"column":19},"end":{"line":28,"column":2}},"3":{"start":{"line":30,"column":0},"end":{"line":30,"column":45}}},"fnMap":{},"branchMap":{},"s":{"0":1,"1":1,"2":1,"3":1},"f":{},"b":{},"_coverageSchema":"1a1c01bbd47fc00a2c39e90264f33305004495a9","hash":"849d5c14ee3e8963ae1c810aeb6f4715574f2ef8"}
,"/home/dasmat/timepass/recruit-me/server/middleware/validate.js": {"path":"/home/dasmat/timepass/recruit-me/server/middleware/validate.js","statementMap":{"0":{"start":{"line":1,"column":12},"end":{"line":1,"column":26}},"1":{"start":{"line":3,"column":19},"end":{"line":3,"column":67}},"2":{"start":{"line":5,"column":21},"end":{"line":14,"column":2}},"3":{"start":{"line":21,"column":27},"end":{"line":21,"column":81}},"4":{"start":{"line":22,"column":2},"end":{"line":27,"column":3}},"5":{"start":{"line":23,"column":4},"end":{"line":26,"column":7}},"6":{"start":{"line":25,"column":40},"end":{"line":25,"column":49}},"7":{"start":{"line":28,"column":2},"end":{"line":28,"column":19}},"8":{"start":{"line":29,"column":2},"end":{"line":29,"column":9}},"9":{"start":{"line":32,"column":0},"end":{"line":32,"column":36}}},"fnMap":{"0":{"name":"validateResult","decl":{"start":{"line":20,"column":9},"end":{"line":20,"column":23}},"loc":{"start":{"line":20,"column":40},"end":{"line":30,"column":1}},"line":20},"1":{"name":"(anonymous_1)","decl":{"start":{"line":25,"column":33},"end":{"line":25,"column":34}},"loc":{"start":{"line":25,"column":40},"end":{"line":25,"column":49}},"line":25}},"branchMap":{"0":{"loc":{"start":{"line":22,"column":2},"end":{"line":27,"column":3}},"type":"if","locations":[{"start":{"line":22,"column":2},"end":{"line":27,"column":3}},{"start":{},"end":{}}],"line":22}},"s":{"0":1,"1":1,"2":1,"3":7,"4":7,"5":2,"6":2,"7":5,"8":5,"9":1},"f":{"0":7,"1":2},"b":{"0":[2,5]},"_coverageSchema":"1a1c01bbd47fc00a2c39e90264f33305004495a9","hash":"3315b204a8c7ecbdcf9b4492eaaad060fb8f5d3b"}
,"/home/dasmat/timepass/recruit-me/server/models/Result.js": {"path":"/home/dasmat/timepass/recruit-me/server/models/Result.js","statementMap":{"0":{"start":{"line":1,"column":17},"end":{"line":1,"column":36}},"1":{"start":{"line":3,"column":21},"end":{"line":31,"column":2}},"2":{"start":{"line":34,"column":0},"end":{"line":37,"column":3}},"3":{"start":{"line":35,"column":12},"end":{"line":35,"column":23}},"4":{"start":{"line":36,"column":2},"end":{"line":36,"column":52}},"5":{"start":{"line":39,"column":0},"end":{"line":39,"column":56}}},"fnMap":{"0":{"name":"(anonymous_0)","decl":{"start":{"line":34,"column":34},"end":{"line":34,"column":35}},"loc":{"start":{"line":34,"column":46},"end":{"line":37,"column":1}},"line":34}},"branchMap":{},"s":{"0":1,"1":1,"2":1,"3":0,"4":0,"5":1},"f":{"0":0},"b":{},"_coverageSchema":"1a1c01bbd47fc00a2c39e90264f33305004495a9","hash":"9f6c5567570fd3297033fb71098408b60f38d20e"}
,"/home/dasmat/timepass/recruit-me/server/routes/health.js": {"path":"/home/dasmat/timepass/recruit-me/server/routes/health.js","statementMap":{"0":{"start":{"line":1,"column":16},"end":{"line":1,"column":34}},"1":{"start":{"line":2,"column":17},"end":{"line":2,"column":36}},"2":{"start":{"line":4,"column":15},"end":{"line":4,"column":31}},"3":{"start":{"line":11,"column":0},"end":{"line":22,"column":3}},"4":{"start":{"line":12,"column":18},"end":{"line":12,"column":48}},"5":{"start":{"line":14,"column":22},"end":{"line":14,"column":35}},"6":{"start":{"line":16,"column":2},"end":{"line":21,"column":5}},"7":{"start":{"line":24,"column":0},"end":{"line":24,"column":24}}},"fnMap":{"0":{"name":"(anonymous_0)","decl":{"start":{"line":11,"column":16},"end":{"line":11,"column":17}},"loc":{"start":{"line":11,"column":30},"end":{"line":22,"column":1}},"line":11}},"branchMap":{"0":{"loc":{"start":{"line":16,"column":13},"end":{"line":16,"column":36}},"type":"cond-expr","locations":[{"start":{"line":16,"column":27},"end":{"line":16,"column":30}},{"start":{"line":16,"column":33},"end":{"line":16,"column":36}}],"line":16},"1":{"loc":{"start":{"line":17,"column":12},"end":{"line":17,"column":43}},"type":"cond-expr","locations":[{"start":{"line":17,"column":26},"end":{"line":17,"column":30}},{"start":{"line":17,"column":33},"end":{"line":17,"column":43}}],"line":17}},"s":{"0":1,"1":1,"2":1,"3":1,"4":1,"5":1,"6":1,"7":1},"f":{"0":1},"b":{"0":[1,0],"1":[1,0]},"_coverageSchema":"1a1c01bbd47fc00a2c39e90264f33305004495a9","hash":"39eeb4b211c4d4e1bae11a640b905c3e2360c2f7"}
,"/home/dasmat/timepass/recruit-me/server/routes/results.js": {"path":"/home/dasmat/timepass/recruit-me/server/routes/results.js","statementMap":{"0":{"start":{"line":1,"column":16},"end":{"line":1,"column":34}},"1":{"start":{"line":2,"column":16},"end":{"line":2,"column":33}},"2":{"start":{"line":3,"column":16},"end":{"line":3,"column":43}},"3":{"start":{"line":4,"column":36},"end":{"line":4,"column":72}},"4":{"start":{"line":5,"column":27},"end":{"line":5,"column":60}},"5":{"start":{"line":7,"column":15},"end":{"line":7,"column":31}},"6":{"start":{"line":11,"column":21},"end":{"line":11,"column":52}},"7":{"start":{"line":12,"column":2},"end":{"line":12,"column":26}},"8":{"start":{"line":12,"column":19},"end":{"line":12,"column":26}},"9":{"start":{"line":14,"column":16},"end":{"line":15,"column":60}},"10":{"start":{"line":16,"column":2},"end":{"line":16,"column":25}},"11":{"start":{"line":16,"column":18},"end":{"line":16,"column":25}},"12":{"start":{"line":18,"column":23},"end":{"line":18,"column":47}},"13":{"start":{"line":19,"column":18},"end":{"line":35,"column":3}},"14":{"start":{"line":37,"column":2},"end":{"line":46,"column":3}},"15":{"start":{"line":38,"column":4},"end":{"line":42,"column":7}},"16":{"start":{"line":45,"column":4},"end":{"line":45,"column":68}},"17":{"start":{"line":51,"column":0},"end":{"line":71,"column":3}},"18":{"start":{"line":52,"column":2},"end":{"line":70,"column":3}},"19":{"start":{"line":53,"column":17},"end":{"line":54,"column":50}},"20":{"start":{"line":56,"column":19},"end":{"line":61,"column":6}},"21":{"start":{"line":64,"column":4},"end":{"line":64,"column":26}},"22":{"start":{"line":66,"column":4},"end":{"line":66,"column":35}},"23":{"start":{"line":68,"column":4},"end":{"line":68,"column":54}},"24":{"start":{"line":69,"column":4},"end":{"line":69,"column":62}},"25":{"start":{"line":75,"column":0},"end":{"line":83,"column":3}},"26":{"start":{"line":76,"column":2},"end":{"line":82,"column":3}},"27":{"start":{"line":77,"column":18},"end":{"line":77,"column":47}},"28":{"start":{"line":78,"column":4},"end":{"line":78,"column":24}},"29":{"start":{"line":80,"column":4},"end":{"line":80,"column":61}},"30":{"start":{"line":81,"column":4},"end":{"line":81,"column":64}},"31":{"start":{"line":87,"column":0},"end":{"line":108,"column":3}},"32":{"start":{"line":88,"column":2},"end":{"line":107,"column":3}},"33":{"start":{"line":89,"column":20},"end":{"line":89,"column":46}},"34":{"start":{"line":92,"column":19},"end":{"line":101,"column":19}},"35":{"start":{"line":93,"column":19},"end":{"line":99,"column":7}},"36":{"start":{"line":100,"column":22},"end":{"line":100,"column":39}},"37":{"start":{"line":103,"column":4},"end":{"line":103,"column":38}},"38":{"start":{"line":105,"column":4},"end":{"line":105,"column":65}},"39":{"start":{"line":106,"column":4},"end":{"line":106,"column":68}},"40":{"start":{"line":112,"column":0},"end":{"line":128,"column":3}},"41":{"start":{"line":113,"column":2},"end":{"line":127,"column":3}},"42":{"start":{"line":114,"column":19},"end":{"line":114,"column":73}},"43":{"start":{"line":115,"column":4},"end":{"line":117,"column":5}},"44":{"start":{"line":116,"column":6},"end":{"line":116,"column":81}},"45":{"start":{"line":118,"column":4},"end":{"line":123,"column":7}},"46":{"start":{"line":125,"column":4},"end":{"line":125,"column":59}},"47":{"start":{"line":126,"column":4},"end":{"line":126,"column":63}},"48":{"start":{"line":131,"column":0},"end":{"line":131,"column":24}}},"fnMap":{"0":{"name":"notifyDiscord","decl":{"start":{"line":10,"column":15},"end":{"line":10,"column":28}},"loc":{"start":{"line":10,"column":37},"end":{"line":47,"column":1}},"line":10},"1":{"name":"(anonymous_1)","decl":{"start":{"line":51,"column":46},"end":{"line":51,"column":47}},"loc":{"start":{"line":51,"column":66},"end":{"line":71,"column":1}},"line":51},"2":{"name":"(anonymous_2)","decl":{"start":{"line":75,"column":35},"end":{"line":75,"column":36}},"loc":{"start":{"line":75,"column":55},"end":{"line":83,"column":1}},"line":75},"3":{"name":"(anonymous_3)","decl":{"start":{"line":87,"column":39},"end":{"line":87,"column":40}},"loc":{"start":{"line":87,"column":59},"end":{"line":108,"column":1}},"line":87},"4":{"name":"(anonymous_4)","decl":{"start":{"line":93,"column":11},"end":{"line":93,"column":12}},"loc":{"start":{"line":93,"column":19},"end":{"line":99,"column":7}},"line":93},"5":{"name":"(anonymous_5)","decl":{"start":{"line":100,"column":12},"end":{"line":100,"column":13}},"loc":{"start":{"line":100,"column":22},"end":{"line":100,"column":39}},"line":100},"6":{"name":"(anonymous_6)","decl":{"start":{"line":112,"column":33},"end":{"line":112,"column":34}},"loc":{"start":{"line":112,"column":53},"end":{"line":128,"column":1}},"line":112}},"branchMap":{"0":{"loc":{"start":{"line":12,"column":2},"end":{"line":12,"column":26}},"type":"if","locations":[{"start":{"line":12,"column":2},"end":{"line":12,"column":26}},{"start":{},"end":{}}],"line":12},"1":{"loc":{"start":{"line":16,"column":2},"end":{"line":16,"column":25}},"type":"if","locations":[{"start":{"line":16,"column":2},"end":{"line":16,"column":25}},{"start":{},"end":{}}],"line":16},"2":{"loc":{"start":{"line":18,"column":23},"end":{"line":18,"column":47}},"type":"cond-expr","locations":[{"start":{"line":18,"column":37},"end":{"line":18,"column":40}},{"start":{"line":18,"column":43},"end":{"line":18,"column":47}}],"line":18},"3":{"loc":{"start":{"line":23,"column":13},"end":{"line":23,"column":46}},"type":"cond-expr","locations":[{"start":{"line":23,"column":27},"end":{"line":23,"column":35}},{"start":{"line":23,"column":38},"end":{"line":23,"column":46}}],"line":23},"4":{"loc":{"start":{"line":29,"column":42},"end":{"line":29,"column":101}},"type":"cond-expr","locations":[{"start":{"line":29,"column":70},"end":{"line":29,"column":93}},{"start":{"line":29,"column":96},"end":{"line":29,"column":101}}],"line":29},"5":{"loc":{"start":{"line":30,"column":42},"end":{"line":30,"column":68}},"type":"binary-expr","locations":[{"start":{"line":30,"column":42},"end":{"line":30,"column":53}},{"start":{"line":30,"column":57},"end":{"line":30,"column":68}}],"line":30},"6":{"loc":{"start":{"line":59,"column":18},"end":{"line":59,"column":45}},"type":"binary-expr","locations":[{"start":{"line":59,"column":18},"end":{"line":59,"column":37}},{"start":{"line":59,"column":41},"end":{"line":59,"column":45}}],"line":59},"7":{"loc":{"start":{"line":60,"column":18},"end":{"line":60,"column":54}},"type":"binary-expr","locations":[{"start":{"line":60,"column":18},"end":{"line":60,"column":39}},{"start":{"line":60,"column":43},"end":{"line":60,"column":54}}],"line":60},"8":{"loc":{"start":{"line":115,"column":4},"end":{"line":117,"column":5}},"type":"if","locations":[{"start":{"line":115,"column":4},"end":{"line":117,"column":5}},{"start":{},"end":{}}],"line":115}},"s":{"0":1,"1":1,"2":1,"3":1,"4":1,"5":1,"6":5,"7":5,"8":5,"9":0,"10":0,"11":0,"12":0,"13":0,"14":0,"15":0,"16":0,"17":1,"18":5,"19":5,"20":5,"21":5,"22":5,"23":0,"24":0,"25":1,"26":2,"27":2,"28":2,"29":0,"30":0,"31":1,"32":2,"33":2,"34":2,"35":2,"36":1,"37":2,"38":0,"39":0,"40":1,"41":2,"42":2,"43":2,"44":1,"45":1,"46":0,"47":0,"48":1},"f":{"0":5,"1":5,"2":2,"3":2,"4":2,"5":1,"6":2},"b":{"0":[5,0],"1":[0,0],"2":[0,0],"3":[0,0],"4":[0,0],"5":[0,0],"6":[5,4],"7":[5,2],"8":[1,1]},"_coverageSchema":"1a1c01bbd47fc00a2c39e90264f33305004495a9","hash":"71efe82ff11b5afbbac4a24f8cd36f5869569f52"}
}
