TN:
SF:middleware/rateLimiter.js
FNF:0
FNH:0
DA:1,1
DA:7,1
DA:20,1
DA:30,1
LF:4
LH:4
BRF:0
BRH:0
end_of_record
TN:
SF:middleware/validate.js
FN:20,validateResult
FN:25,(anonymous_1)
FNF:2
FNH:2
FNDA:7,validateResult
FNDA:2,(anonymous_1)
DA:1,1
DA:3,1
DA:5,1
DA:21,7
DA:22,7
DA:23,2
DA:25,2
DA:28,5
DA:29,5
DA:32,1
LF:10
LH:10
BRDA:22,0,0,2
BRDA:22,0,1,5
BRF:2
BRH:2
end_of_record
TN:
SF:models/Result.js
FN:34,(anonymous_0)
FNF:1
FNH:0
FNDA:0,(anonymous_0)
DA:1,1
DA:3,1
DA:34,1
DA:35,0
DA:36,0
DA:39,1
LF:6
LH:4
BRF:0
BRH:0
end_of_record
TN:
SF:routes/health.js
FN:11,(anonymous_0)
FNF:1
FNH:1
FNDA:1,(anonymous_0)
DA:1,1
DA:2,1
DA:4,1
DA:11,1
DA:12,1
DA:14,1
DA:16,1
DA:24,1
LF:8
LH:8
BRDA:16,0,0,1
BRDA:16,0,1,0
BRDA:17,1,0,1
BRDA:17,1,1,0
BRF:4
BRH:2
end_of_record
TN:
SF:routes/results.js
FN:10,notifyDiscord
FN:51,(anonymous_1)
FN:75,(anonymous_2)
FN:87,(anonymous_3)
FN:93,(anonymous_4)
FN:100,(anonymous_5)
FN:112,(anonymous_6)
FNF:7
FNH:7
FNDA:5,notifyDiscord
FNDA:5,(anonymous_1)
FNDA:2,(anonymous_2)
FNDA:2,(anonymous_3)
FNDA:2,(anonymous_4)
FNDA:1,(anonymous_5)
FNDA:2,(anonymous_6)
DA:1,1
DA:2,1
DA:3,1
DA:4,1
DA:5,1
DA:7,1
DA:11,5
DA:12,5
DA:14,0
DA:16,0
DA:18,0
DA:19,0
DA:37,0
DA:38,0
DA:45,0
DA:51,1
DA:52,5
DA:53,5
DA:56,5
DA:64,5
DA:66,5
DA:68,0
DA:69,0
DA:75,1
DA:76,2
DA:77,2
DA:78,2
DA:80,0
DA:81,0
DA:87,1
DA:88,2
DA:89,2
DA:92,2
DA:93,2
DA:100,1
DA:103,2
DA:105,0
DA:106,0
DA:112,1
DA:113,2
DA:114,2
DA:115,2
DA:116,1
DA:118,1
DA:125,0
DA:126,0
DA:131,1
LF:47
LH:32
BRDA:12,0,0,5
BRDA:12,0,1,0
BRDA:16,1,0,0
BRDA:16,1,1,0
BRDA:18,2,0,0
BRDA:18,2,1,0
BRDA:23,3,0,0
BRDA:23,3,1,0
BRDA:29,4,0,0
BRDA:29,4,1,0
BRDA:30,5,0,0
BRDA:30,5,1,0
BRDA:59,6,0,5
BRDA:59,6,1,4
BRDA:60,7,0,5
BRDA:60,7,1,2
BRDA:115,8,0,1
BRDA:115,8,1,1
BRF:18
BRH:7
end_of_record
